<?xml version="1.0" encoding="UTF-8" ?>
<testsuite tests="4" failures="1" name="src.PersonaTest" time="0.015" errors="0" skipped="0">
  <properties>
[...]
</properties>
  <testcase classname="src.PersonaTest" name="src.PersonaTest.test4" time="0.003"/>
  <testcase classname="src.PersonaTest" name="src.PersonaTest.test5" time="0"/>
  <testcase classname="src.PersonaTest" name="src.PersonaTest.test6" time="0"/>
  <testcase classname="src.PersonaTest" name="src.PersonaTest.test3" time="0.012">
    <failure message="expected: &lt;false&gt; but was: &lt;true&gt;" type="org.opentest4j.AssertionFailedError">org.opentest4j.AssertionFailedError: expected: &lt;false&gt; but was: &lt;true&gt;
	at org.junit.jupiter.api.AssertionUtils.fail(AssertionUtils.java:55)
	at org.junit.jupiter.api.AssertFalse.assertFalse(AssertFalse.java:40)
	at org.junit.jupiter.api.AssertFalse.assertFalse(AssertFalse.java:35)
	at org.junit.jupiter.api.Assertions.assertFalse(Assertions.java:210)
	at src.PersonaTest.test3(PersonaTest.java:19)
</failure>
  </testcase>
</testsuite>